Copyright 1986-2020 Xilinx, Inc. All Rights Reserved.
---------------------------------------------------------------------------------------------------------------------------------------------------------
| Tool Version : Vivado v.2020.1 (win64) Build 2902540 Wed May 27 19:54:49 MDT 2020
| Date         : Tue Jul 27 16:02:03 2021
| Host         : DESKTOP-J3N7B01 running 64-bit major release  (build 9200)
| Command      : report_drc -file axi_ddr_design_wrapper_drc_opted.rpt -pb axi_ddr_design_wrapper_drc_opted.pb -rpx axi_ddr_design_wrapper_drc_opted.rpx
| Design       : axi_ddr_design_wrapper
| Device       : xc7z045ffg900-2
| Speed File   : -2
| Design State : Synthesized
---------------------------------------------------------------------------------------------------------------------------------------------------------

Report DRC

Table of Contents
-----------------
1. REPORT SUMMARY
2. REPORT DETAILS

1. REPORT SUMMARY
-----------------
            Netlist: netlist
          Floorplan: design_1
      Design limits: <entire design considered>
           Ruledeck: default
             Max violations: <unlimited>
             Violations found: 1
+-----------+----------+------------------------+------------+
| Rule      | Severity | Description            | Violations |
+-----------+----------+------------------------+------------+
| REQP-1709 | Warning  | Clock output buffering | 1          |
+-----------+----------+------------------------+------------+

2. REPORT DETAILS
-----------------
REQP-1709#1 Warning
Clock output buffering  
PLLE2_ADV connectivity violation. The signal axi_ddr_design_i/mig_7series_0/u_axi_ddr_design_mig_7series_0_1_mig/u_ddr3_infrastructure/pll_clk3_out on the axi_ddr_design_i/mig_7series_0/u_axi_ddr_design_mig_7series_0_1_mig/u_ddr3_infrastructure/plle2_i/CLKOUT3 pin of axi_ddr_design_i/mig_7series_0/u_axi_ddr_design_mig_7series_0_1_mig/u_ddr3_infrastructure/plle2_i does not drive the same kind of BUFFER load as the other CLKOUT pins. Routing from the different buffer types will not be phase aligned.
Related violations: <none>


