Copyright 1986-2020 Xilinx, Inc. All Rights Reserved.
----------------------------------------------------------------------------------------------------
| Tool Version : Vivado v.2020.1 (win64) Build 2902540 Wed May 27 19:54:49 MDT 2020
| Date         : Fri Jul 23 16:49:54 2021
| Host         : DESKTOP-J3N7B01 running 64-bit major release  (build 9200)
| Command      : report_clock_utilization -file axi_ddr_design_wrapper_clock_utilization_routed.rpt
| Design       : axi_ddr_design_wrapper
| Device       : 7z045-ffg900
| Speed File   : -2  PRODUCTION 1.12 2019-11-22
| Design State : Routed
----------------------------------------------------------------------------------------------------

Clock Utilization Report

Table of Contents
-----------------
1. Clock Primitive Utilization
2. Global Clock Resources
3. Global Clock Source Details
4. Local Clock Details
5. Clock Regions: Key Resource Utilization
6. Clock Regions : Global Clock Summary
7. Device Cell Placement Summary for Global Clock g0
8. Device Cell Placement Summary for Global Clock g1
9. Device Cell Placement Summary for Global Clock g2
10. Device Cell Placement Summary for Global Clock g3
11. Device Cell Placement Summary for Global Clock g4
12. Device Cell Placement Summary for Global Clock g5
13. Device Cell Placement Summary for Global Clock g6
14. Device Cell Placement Summary for Global Clock g7
15. Device Cell Placement Summary for Global Clock g8
16. Device Cell Placement Summary for Global Clock g9
17. Device Cell Placement Summary for Global Clock g10
18. Device Cell Placement Summary for Global Clock g11
19. Clock Region Cell Placement per Global Clock: Region X1Y2
20. Clock Region Cell Placement per Global Clock: Region X0Y3
21. Clock Region Cell Placement per Global Clock: Region X1Y3
22. Clock Region Cell Placement per Global Clock: Region X0Y4
23. Clock Region Cell Placement per Global Clock: Region X1Y4
24. Clock Region Cell Placement per Global Clock: Region X0Y5
25. Clock Region Cell Placement per Global Clock: Region X1Y5
26. Clock Region Cell Placement per Global Clock: Region X0Y6
27. Clock Region Cell Placement per Global Clock: Region X1Y6

1. Clock Primitive Utilization
------------------------------

+----------+------+-----------+-----+--------------+--------+
| Type     | Used | Available | LOC | Clock Region | Pblock |
+----------+------+-----------+-----+--------------+--------+
| BUFGCTRL |   11 |        32 |   0 |            0 |      0 |
| BUFH     |    1 |       168 |   0 |            0 |      0 |
| BUFIO    |    0 |        32 |   0 |            0 |      0 |
| BUFMR    |    0 |        16 |   0 |            0 |      0 |
| BUFR     |    0 |        32 |   0 |            0 |      0 |
| MMCM     |    2 |         8 |   1 |            0 |      0 |
| PLL      |    1 |         8 |   1 |            0 |      0 |
+----------+------+-----------+-----+--------------+--------+


2. Global Clock Resources
-------------------------

+-----------+-----------+-----------------+------------+----------------+--------------+-------------------+-------------+-----------------+--------------+---------------------+----------------------------------------------------------------------------------------------------------------------------------------+------------------------------------------------------------------------------------------------------------------------------------------+
| Global Id | Source Id | Driver Type/Pin | Constraint | Site           | Clock Region | Load Clock Region | Clock Loads | Non-Clock Loads | Clock Period | Clock               | Driver Pin                                                                                                                             | Net                                                                                                                                      |
+-----------+-----------+-----------------+------------+----------------+--------------+-------------------+-------------+-----------------+--------------+---------------------+----------------------------------------------------------------------------------------------------------------------------------------+------------------------------------------------------------------------------------------------------------------------------------------+
| g0        | src0      | BUFG/O          | None       | BUFGCTRL_X0Y16 | n/a          |                 4 |       13064 |               0 |        5.000 | clk_pll_i           | axi_ddr_design_i/mig_7series_0/u_axi_ddr_design_mig_7series_0_1_mig/u_ddr3_infrastructure/u_bufg_clkdiv0/O                             | axi_ddr_design_i/mig_7series_0/u_axi_ddr_design_mig_7series_0_1_mig/u_ddr3_infrastructure/CLK                                            |
| g1        | src1      | BUFG/O          | None       | BUFGCTRL_X0Y17 | n/a          |                 5 |        1861 |               0 |       20.000 | clk_fpga_0          | axi_ddr_design_i/processing_system7_0/inst/buffer_fclk_clk_0.FCLK_CLK_0_BUFG/O                                                         | axi_ddr_design_i/processing_system7_0/inst/FCLK_CLK0                                                                                     |
| g2        | src2      | BUFG/O          | None       | BUFGCTRL_X0Y2  | n/a          |                 4 |          62 |               3 |              |                     | axi_ddr_design_i/ps_to_mig_interface_0/inst/wdata_buffer__0_BUFG_inst/O                                                                | axi_ddr_design_i/ps_to_mig_interface_0/inst/wdata_buffer__0_BUFG                                                                         |
| g3        | src3      | BUFG/O          | None       | BUFGCTRL_X0Y19 | n/a          |                 2 |          60 |               0 |        5.000 | sys_clk_p           | axi_ddr_design_i/mig_7series_0/u_axi_ddr_design_mig_7series_0_1_mig/u_iodelay_ctrl/clk_ref_200.u_bufg_clk_ref/O                        | axi_ddr_design_i/mig_7series_0/u_axi_ddr_design_mig_7series_0_1_mig/u_iodelay_ctrl/CLK                                                   |
| g4        | src4      | BUFG/O          | None       | BUFGCTRL_X0Y3  | n/a          |                 3 |          32 |               8 |              |                     | axi_ddr_design_i/ps_to_mig_interface_0/inst/FSM_onehot_STATE_reg_n_0_[10]_BUFG_inst/O                                                  | axi_ddr_design_i/ps_to_mig_interface_0/inst/FSM_onehot_STATE_reg_n_0_[10]_BUFG                                                           |
| g5        | src5      | BUFG/O          | None       | BUFGCTRL_X0Y1  | n/a          |                 5 |          32 |              38 |              |                     | axi_ddr_design_i/ps_to_mig_interface_0/inst/FSM_onehot_STATE_reg_n_0_[3]_BUFG_inst/O                                                   | axi_ddr_design_i/ps_to_mig_interface_0/inst/FSM_onehot_STATE_reg_n_0_[3]_BUFG                                                            |
| g6        | src6      | BUFG/O          | None       | BUFGCTRL_X0Y5  | n/a          |                 2 |          31 |               0 |              |                     | axi_ddr_design_i/ps_to_mig_interface_0/inst/s_axi_araddr_reg[29]_i_2_n_0_BUFG_inst/O                                                   | axi_ddr_design_i/ps_to_mig_interface_0/inst/s_axi_araddr_reg[29]_i_2_n_0_BUFG                                                            |
| g7        | src7      | BUFG/O          | None       | BUFGCTRL_X0Y6  | n/a          |                 2 |          31 |               0 |              |                     | axi_ddr_design_i/ps_to_mig_interface_0/inst/s_axi_awaddr_reg[29]_i_2_n_0_BUFG_inst/O                                                   | axi_ddr_design_i/ps_to_mig_interface_0/inst/s_axi_awaddr_reg[29]_i_2_n_0_BUFG                                                            |
| g8        | src8      | BUFG/O          | None       | BUFGCTRL_X0Y4  | n/a          |                 4 |          30 |               4 |              |                     | axi_ddr_design_i/ps_to_mig_interface_0/inst/araddr_buffer__0_BUFG_inst/O                                                               | axi_ddr_design_i/ps_to_mig_interface_0/inst/araddr_buffer__0_BUFG                                                                        |
| g9        | src0      | BUFG/O          | None       | BUFGCTRL_X0Y18 | n/a          |                 3 |          22 |               0 |       10.000 | mmcm_ps_clk_bufg_in | axi_ddr_design_i/mig_7series_0/u_axi_ddr_design_mig_7series_0_1_mig/u_ddr3_infrastructure/gen_mmcm.u_bufg_mmcm_ps_clk/O                | axi_ddr_design_i/mig_7series_0/u_axi_ddr_design_mig_7series_0_1_mig/u_ddr3_infrastructure/mmcm_ps_clk                                    |
| g10       | src9      | BUFG/O          | None       | BUFGCTRL_X0Y0  | n/a          |                 3 |          18 |               0 |        2.500 | clk_ref_mmcm_400    | axi_ddr_design_i/mig_7series_0/u_axi_ddr_design_mig_7series_0_1_mig/u_iodelay_ctrl/clk_ref_300_400_en.clk_ref_400.u_bufg_clk_ref_400/O | axi_ddr_design_i/mig_7series_0/u_axi_ddr_design_mig_7series_0_1_mig/u_iodelay_ctrl/clk_ref_300_400_en.clk_ref_400.u_bufg_clk_ref_400_n_0 |
| g11       | src10     | BUFH/O          | None       | BUFHCE_X1Y60   | X1Y5         |                 1 |           1 |               0 |        5.000 | pll_clk3_out        | axi_ddr_design_i/mig_7series_0/u_axi_ddr_design_mig_7series_0_1_mig/u_ddr3_infrastructure/u_bufh_pll_clk3/O                            | axi_ddr_design_i/mig_7series_0/u_axi_ddr_design_mig_7series_0_1_mig/u_ddr3_infrastructure/pll_clk3                                       |
+-----------+-----------+-----------------+------------+----------------+--------------+-------------------+-------------+-----------------+--------------+---------------------+----------------------------------------------------------------------------------------------------------------------------------------+------------------------------------------------------------------------------------------------------------------------------------------+
* Clock Loads column represents the clock pin loads (pin count)
** Non-Clock Loads column represents the non-clock pin loads (pin count)


3. Global Clock Source Details
------------------------------

+-----------+-----------+---------------------+-----------------+-----------------+--------------+-------------+-----------------+---------------------+---------------------+----------------------------------------------------------------------------------------------------------------------+---------------------------------------------------------------------------------------------------------------+
| Source Id | Global Id | Driver Type/Pin     | Constraint      | Site            | Clock Region | Clock Loads | Non-Clock Loads | Source Clock Period | Source Clock        | Driver Pin                                                                                                           | Net                                                                                                           |
+-----------+-----------+---------------------+-----------------+-----------------+--------------+-------------+-----------------+---------------------+---------------------+----------------------------------------------------------------------------------------------------------------------+---------------------------------------------------------------------------------------------------------------+
| src0      | g0        | MMCME2_ADV/CLKFBOUT | MMCME2_ADV_X1Y5 | MMCME2_ADV_X1Y5 | X1Y5         |           1 |               0 |               5.000 | clk_pll_i           | axi_ddr_design_i/mig_7series_0/u_axi_ddr_design_mig_7series_0_1_mig/u_ddr3_infrastructure/gen_mmcm.mmcm_i/CLKFBOUT   | axi_ddr_design_i/mig_7series_0/u_axi_ddr_design_mig_7series_0_1_mig/u_ddr3_infrastructure/clk_pll_i           |
| src0      | g9        | MMCME2_ADV/CLKOUT0  | MMCME2_ADV_X1Y5 | MMCME2_ADV_X1Y5 | X1Y5         |           1 |               0 |              10.000 | mmcm_ps_clk_bufg_in | axi_ddr_design_i/mig_7series_0/u_axi_ddr_design_mig_7series_0_1_mig/u_ddr3_infrastructure/gen_mmcm.mmcm_i/CLKOUT0    | axi_ddr_design_i/mig_7series_0/u_axi_ddr_design_mig_7series_0_1_mig/u_ddr3_infrastructure/mmcm_ps_clk_bufg_in |
| src1      | g1        | PS7/FCLKCLK[0]      | PS7_X0Y0        | PS7_X0Y0        | X0Y6         |           1 |               0 |              20.000 | clk_fpga_0          | axi_ddr_design_i/processing_system7_0/inst/PS7_i/FCLKCLK[0]                                                          | axi_ddr_design_i/processing_system7_0/inst/FCLK_CLK_unbuffered[0]                                             |
| src2      | g2        | FDRE/Q              | None            | SLICE_X93Y167   | X1Y3         |           1 |               0 |                     |                     | axi_ddr_design_i/ps_to_mig_interface_0/inst/FSM_onehot_STATE_reg[2]/Q                                                | axi_ddr_design_i/ps_to_mig_interface_0/inst/wdata_buffer__0                                                   |
| src3      | g3        | IBUFDS/O            | IOB_X1Y274      | IOB_X1Y274      | X1Y5         |           3 |               0 |               5.000 | sys_clk_p           | axi_ddr_design_i/mig_7series_0/u_axi_ddr_design_mig_7series_0_1_mig/u_ddr3_clk_ibuf/diff_input_clk.u_ibufg_sys_clk/O | axi_ddr_design_i/mig_7series_0/u_axi_ddr_design_mig_7series_0_1_mig/u_ddr3_clk_ibuf/sys_clk_ibufg             |
| src4      | g4        | FDRE/Q              | None            | SLICE_X93Y167   | X1Y3         |           1 |               0 |                     |                     | axi_ddr_design_i/ps_to_mig_interface_0/inst/FSM_onehot_STATE_reg[10]/Q                                               | axi_ddr_design_i/ps_to_mig_interface_0/inst/FSM_onehot_STATE_reg_n_0_[10]                                     |
| src5      | g5        | FDRE/Q              | None            | SLICE_X93Y165   | X1Y3         |           1 |               0 |                     |                     | axi_ddr_design_i/ps_to_mig_interface_0/inst/FSM_onehot_STATE_reg[3]/Q                                                | axi_ddr_design_i/ps_to_mig_interface_0/inst/FSM_onehot_STATE_reg_n_0_[3]                                      |
| src6      | g6        | LUT2/O              | None            | SLICE_X90Y146   | X1Y2         |           1 |               0 |                     |                     | axi_ddr_design_i/ps_to_mig_interface_0/inst/s_axi_araddr_reg[29]_i_2/O                                               | axi_ddr_design_i/ps_to_mig_interface_0/inst/s_axi_araddr_reg[29]_i_2_n_0                                      |
| src7      | g7        | LUT2/O              | None            | SLICE_X90Y146   | X1Y2         |           1 |               0 |                     |                     | axi_ddr_design_i/ps_to_mig_interface_0/inst/s_axi_awaddr_reg[29]_i_2/O                                               | axi_ddr_design_i/ps_to_mig_interface_0/inst/s_axi_awaddr_reg[29]_i_2_n_0                                      |
| src8      | g8        | FDRE/Q              | None            | SLICE_X93Y167   | X1Y3         |           1 |               0 |                     |                     | axi_ddr_design_i/ps_to_mig_interface_0/inst/FSM_onehot_STATE_reg[6]/Q                                                | axi_ddr_design_i/ps_to_mig_interface_0/inst/araddr_buffer__0                                                  |
| src9      | g10       | MMCME2_ADV/CLKOUT1  | None            | MMCME2_ADV_X0Y0 | X0Y0         |           1 |               0 |               2.500 | clk_ref_mmcm_400    | axi_ddr_design_i/mig_7series_0/u_axi_ddr_design_mig_7series_0_1_mig/u_iodelay_ctrl/clk_ref_mmcm_gen.mmcm_i/CLKOUT1   | axi_ddr_design_i/mig_7series_0/u_axi_ddr_design_mig_7series_0_1_mig/u_iodelay_ctrl/clk_ref_mmcm_400           |
| src10     | g11       | PLLE2_ADV/CLKOUT3   | PLLE2_ADV_X1Y5  | PLLE2_ADV_X1Y5  | X1Y5         |           1 |               0 |               5.000 | pll_clk3_out        | axi_ddr_design_i/mig_7series_0/u_axi_ddr_design_mig_7series_0_1_mig/u_ddr3_infrastructure/plle2_i/CLKOUT3            | axi_ddr_design_i/mig_7series_0/u_axi_ddr_design_mig_7series_0_1_mig/u_ddr3_infrastructure/pll_clk3_out        |
+-----------+-----------+---------------------+-----------------+-----------------+--------------+-------------+-----------------+---------------------+---------------------+----------------------------------------------------------------------------------------------------------------------+---------------------------------------------------------------------------------------------------------------+
* Clock Loads column represents the clock pin loads (pin count)
** Non-Clock Loads column represents the non-clock pin loads (pin count)


4. Local Clock Details
----------------------

+----------+----------------------------+----------------------+-------------------------------------+--------------+-------------+-----------------+--------------+----------------+------------------------------------------------------------------------------------------------------------------------------------------------------------------------------------------------------------------------------------------+---------------------------------------------------------------------------------------------------------------------------------------------------------------------------------------------------------------------------------------+
| Local Id | Driver Type/Pin            | Constraint           | Site/BEL                            | Clock Region | Clock Loads | Non-Clock Loads | Clock Period | Clock          | Driver Pin                                                                                                                                                                                                                               | Net                                                                                                                                                                                                                                   |
+----------+----------------------------+----------------------+-------------------------------------+--------------+-------------+-----------------+--------------+----------------+------------------------------------------------------------------------------------------------------------------------------------------------------------------------------------------------------------------------------------------+---------------------------------------------------------------------------------------------------------------------------------------------------------------------------------------------------------------------------------------||
| 0        | PLLE2_ADV/CLKOUT0          | PLLE2_ADV_X1Y5       | PLLE2_ADV_X1Y5/PLLE2_ADV            | X1Y5         |          14 |               8 |        1.250 | freq_refclk    | axi_ddr_design_i/mig_7series_0/u_axi_ddr_design_mig_7series_0_1_mig/u_ddr3_infrastructure/plle2_i/CLKOUT0                                                                                                                                | axi_ddr_design_i/mig_7series_0/u_axi_ddr_design_mig_7series_0_1_mig/u_ddr3_infrastructure/freq_refclk                                                                                                                                 - Static -
| 1        | PLLE2_ADV/CLKOUT1          | PLLE2_ADV_X1Y5       | PLLE2_ADV_X1Y5/PLLE2_ADV            | X1Y5         |           3 |              19 |        1.250 | mem_refclk     | axi_ddr_design_i/mig_7series_0/u_axi_ddr_design_mig_7series_0_1_mig/u_ddr3_infrastructure/plle2_i/CLKOUT1                                                                                                                                | axi_ddr_design_i/mig_7series_0/u_axi_ddr_design_mig_7series_0_1_mig/u_ddr3_infrastructure/mem_refclk                                                                                                                                  - Static -
| 2        | PHASER_OUT_PHY/OCLKDELAYED | PHASER_OUT_PHY_X1Y24 | PHASER_OUT_PHY_X1Y24/PHASER_OUT_PHY | X1Y6         |           2 |               0 |        1.250 | oserdes_clk    | axi_ddr_design_i/mig_7series_0/u_axi_ddr_design_mig_7series_0_1_mig/u_memc_ui_top_axi/mem_intfc0/ddr_phy_top0/u_ddr_mc_phy_wrapper/u_ddr_mc_phy/ddr_phy_4lanes_0.u_ddr_phy_4lanes/ddr_byte_lane_A.ddr_byte_lane_A/phaser_out/OCLKDELAYED | axi_ddr_design_i/mig_7series_0/u_axi_ddr_design_mig_7series_0_1_mig/u_memc_ui_top_axi/mem_intfc0/ddr_phy_top0/u_ddr_mc_phy_wrapper/u_ddr_mc_phy/ddr_phy_4lanes_0.u_ddr_phy_4lanes/ddr_byte_lane_A.ddr_byte_lane_A/oserdes_clk_delayed - Static -
| 3        | PHASER_OUT_PHY/OCLKDELAYED | PHASER_OUT_PHY_X1Y25 | PHASER_OUT_PHY_X1Y25/PHASER_OUT_PHY | X1Y6         |           2 |               0 |        1.250 | oserdes_clk_1  | axi_ddr_design_i/mig_7series_0/u_axi_ddr_design_mig_7series_0_1_mig/u_memc_ui_top_axi/mem_intfc0/ddr_phy_top0/u_ddr_mc_phy_wrapper/u_ddr_mc_phy/ddr_phy_4lanes_0.u_ddr_phy_4lanes/ddr_byte_lane_B.ddr_byte_lane_B/phaser_out/OCLKDELAYED | axi_ddr_design_i/mig_7series_0/u_axi_ddr_design_mig_7series_0_1_mig/u_memc_ui_top_axi/mem_intfc0/ddr_phy_top0/u_ddr_mc_phy_wrapper/u_ddr_mc_phy/ddr_phy_4lanes_0.u_ddr_phy_4lanes/ddr_byte_lane_B.ddr_byte_lane_B/oserdes_clk_delayed - Static -
| 4        | PHASER_OUT_PHY/OCLKDELAYED | PHASER_OUT_PHY_X1Y26 | PHASER_OUT_PHY_X1Y26/PHASER_OUT_PHY | X1Y6         |           2 |               0 |        1.250 | oserdes_clk_2  | axi_ddr_design_i/mig_7series_0/u_axi_ddr_design_mig_7series_0_1_mig/u_memc_ui_top_axi/mem_intfc0/ddr_phy_top0/u_ddr_mc_phy_wrapper/u_ddr_mc_phy/ddr_phy_4lanes_0.u_ddr_phy_4lanes/ddr_byte_lane_C.ddr_byte_lane_C/phaser_out/OCLKDELAYED | axi_ddr_design_i/mig_7series_0/u_axi_ddr_design_mig_7series_0_1_mig/u_memc_ui_top_axi/mem_intfc0/ddr_phy_top0/u_ddr_mc_phy_wrapper/u_ddr_mc_phy/ddr_phy_4lanes_0.u_ddr_phy_4lanes/ddr_byte_lane_C.ddr_byte_lane_C/oserdes_clk_delayed - Static -
| 5        | PHASER_OUT_PHY/OCLKDELAYED | PHASER_OUT_PHY_X1Y20 | PHASER_OUT_PHY_X1Y20/PHASER_OUT_PHY | X1Y5         |           2 |               0 |        1.250 | oserdes_clk_3  | axi_ddr_design_i/mig_7series_0/u_axi_ddr_design_mig_7series_0_1_mig/u_memc_ui_top_axi/mem_intfc0/ddr_phy_top0/u_ddr_mc_phy_wrapper/u_ddr_mc_phy/ddr_phy_4lanes_1.u_ddr_phy_4lanes/ddr_byte_lane_A.ddr_byte_lane_A/phaser_out/OCLKDELAYED | axi_ddr_design_i/mig_7series_0/u_axi_ddr_design_mig_7series_0_1_mig/u_memc_ui_top_axi/mem_intfc0/ddr_phy_top0/u_ddr_mc_phy_wrapper/u_ddr_mc_phy/ddr_phy_4lanes_1.u_ddr_phy_4lanes/ddr_byte_lane_A.ddr_byte_lane_A/oserdes_clk_delayed - Static -
| 6        | PHASER_OUT_PHY/OCLKDELAYED | PHASER_OUT_PHY_X1Y16 | PHASER_OUT_PHY_X1Y16/PHASER_OUT_PHY | X1Y4         |           2 |               0 |        1.250 | oserdes_clk_7  | axi_ddr_design_i/mig_7series_0/u_axi_ddr_design_mig_7series_0_1_mig/u_memc_ui_top_axi/mem_intfc0/ddr_phy_top0/u_ddr_mc_phy_wrapper/u_ddr_mc_phy/ddr_phy_4lanes_2.u_ddr_phy_4lanes/ddr_byte_lane_A.ddr_byte_lane_A/phaser_out/OCLKDELAYED | axi_ddr_design_i/mig_7series_0/u_axi_ddr_design_mig_7series_0_1_mig/u_memc_ui_top_axi/mem_intfc0/ddr_phy_top0/u_ddr_mc_phy_wrapper/u_ddr_mc_phy/ddr_phy_4lanes_2.u_ddr_phy_4lanes/ddr_byte_lane_A.ddr_byte_lane_A/oserdes_clk_delayed - Static -
| 7        | PHASER_OUT_PHY/OCLKDELAYED | PHASER_OUT_PHY_X1Y17 | PHASER_OUT_PHY_X1Y17/PHASER_OUT_PHY | X1Y4         |           2 |               0 |        1.250 | oserdes_clk_8  | axi_ddr_design_i/mig_7series_0/u_axi_ddr_design_mig_7series_0_1_mig/u_memc_ui_top_axi/mem_intfc0/ddr_phy_top0/u_ddr_mc_phy_wrapper/u_ddr_mc_phy/ddr_phy_4lanes_2.u_ddr_phy_4lanes/ddr_byte_lane_B.ddr_byte_lane_B/phaser_out/OCLKDELAYED | axi_ddr_design_i/mig_7series_0/u_axi_ddr_design_mig_7series_0_1_mig/u_memc_ui_top_axi/mem_intfc0/ddr_phy_top0/u_ddr_mc_phy_wrapper/u_ddr_mc_phy/ddr_phy_4lanes_2.u_ddr_phy_4lanes/ddr_byte_lane_B.ddr_byte_lane_B/oserdes_clk_delayed - Static -
| 8        | PHASER_OUT_PHY/OCLKDELAYED | PHASER_OUT_PHY_X1Y18 | PHASER_OUT_PHY_X1Y18/PHASER_OUT_PHY | X1Y4         |           2 |               0 |        1.250 | oserdes_clk_9  | axi_ddr_design_i/mig_7series_0/u_axi_ddr_design_mig_7series_0_1_mig/u_memc_ui_top_axi/mem_intfc0/ddr_phy_top0/u_ddr_mc_phy_wrapper/u_ddr_mc_phy/ddr_phy_4lanes_2.u_ddr_phy_4lanes/ddr_byte_lane_C.ddr_byte_lane_C/phaser_out/OCLKDELAYED | axi_ddr_design_i/mig_7series_0/u_axi_ddr_design_mig_7series_0_1_mig/u_memc_ui_top_axi/mem_intfc0/ddr_phy_top0/u_ddr_mc_phy_wrapper/u_ddr_mc_phy/ddr_phy_4lanes_2.u_ddr_phy_4lanes/ddr_byte_lane_C.ddr_byte_lane_C/oserdes_clk_delayed - Static -
| 9        | PHASER_OUT_PHY/OCLKDELAYED | PHASER_OUT_PHY_X1Y19 | PHASER_OUT_PHY_X1Y19/PHASER_OUT_PHY | X1Y4         |           2 |               0 |        1.250 | oserdes_clk_10 | axi_ddr_design_i/mig_7series_0/u_axi_ddr_design_mig_7series_0_1_mig/u_memc_ui_top_axi/mem_intfc0/ddr_phy_top0/u_ddr_mc_phy_wrapper/u_ddr_mc_phy/ddr_phy_4lanes_2.u_ddr_phy_4lanes/ddr_byte_lane_D.ddr_byte_lane_D/phaser_out/OCLKDELAYED | axi_ddr_design_i/mig_7series_0/u_axi_ddr_design_mig_7series_0_1_mig/u_memc_ui_top_axi/mem_intfc0/ddr_phy_top0/u_ddr_mc_phy_wrapper/u_ddr_mc_phy/ddr_phy_4lanes_2.u_ddr_phy_4lanes/ddr_byte_lane_D.ddr_byte_lane_D/oserdes_clk_delayed - Static -
+----------+----------------------------+----------------------+-------------------------------------+--------------+-------------+-----------------+--------------+----------------+------------------------------------------------------------------------------------------------------------------------------------------------------------------------------------------------------------------------------------------+---------------------------------------------------------------------------------------------------------------------------------------------------------------------------------------------------------------------------------------||
* Local Clocks in this context represents only clocks driven by non-global buffers
** Clock Loads column represents the clock pin loads (pin count)
*** Non-Clock Loads column represents the non-clock pin loads (pin count)


5. Clock Regions: Key Resource Utilization
------------------------------------------

+-------------------+--------------+--------------+--------------+--------------+--------------+--------------+--------------+--------------+--------------+--------------+--------------+--------------+--------------+--------------+--------------+
|                   | Global Clock |     BUFRs    |    BUFMRs    |    BUFIOs    |     MMCM     |      PLL     |      GT      |      PCI     |    ILOGIC    |    OLOGIC    |      FF      |     LUTM     |    RAMB18    |    RAMB36    |    DSP48E2   |
+-------------------+------+-------+------+-------+------+-------+------+-------+------+-------+------+-------+------+-------+------+-------+------+-------+------+-------+------+-------+------+-------+------+-------+------+-------+------+-------+
| Clock Region Name | Used | Avail | Used | Avail | Used | Avail | Used | Avail | Used | Avail | Used | Avail | Used | Avail | Used | Avail | Used | Avail | Used | Avail | Used | Avail | Used | Avail | Used | Avail | Used | Avail | Used | Avail |
+-------------------+------+-------+------+-------+------+-------+------+-------+------+-------+------+-------+------+-------+------+-------+------+-------+------+-------+------+-------+------+-------+------+-------+------+-------+------+-------+
| X0Y0              |    0 |    12 |    0 |     4 |    0 |     2 |    0 |     4 |    0 |     1 |    0 |     1 |    0 |     0 |    0 |     0 |    0 |    50 |    0 |    50 |    0 |  4500 |    0 |  1600 |    0 |    80 |    0 |    40 |    0 |    80 |
| X1Y0              |    0 |    12 |    0 |     0 |    0 |     0 |    0 |     0 |    0 |     0 |    0 |     0 |    0 |     4 |    0 |     0 |    0 |     0 |    0 |     0 |    0 |  3700 |    0 |  1050 |    0 |    80 |    0 |    40 |    0 |    60 |
| X0Y1              |    0 |    12 |    0 |     4 |    0 |     2 |    0 |     4 |    0 |     1 |    0 |     1 |    0 |     0 |    0 |     0 |    0 |    50 |    0 |    50 |    0 |  4500 |    0 |  1600 |    0 |    80 |    0 |    40 |    0 |    80 |
| X1Y1              |    0 |    12 |    0 |     0 |    0 |     0 |    0 |     0 |    0 |     0 |    0 |     0 |    0 |     4 |    0 |     0 |    0 |     0 |    0 |     0 |    0 |  3700 |    0 |  1050 |    0 |    80 |    0 |    40 |    0 |    60 |
| X0Y2              |    0 |    12 |    0 |     4 |    0 |     2 |    0 |     4 |    0 |     1 |    0 |     1 |    0 |     0 |    0 |     0 |    0 |    50 |    0 |    50 |    0 |  4500 |    0 |  1600 |    0 |    80 |    0 |    40 |    0 |    80 |
| X1Y2              |    1 |    12 |    0 |     0 |    0 |     0 |    0 |     0 |    0 |     0 |    0 |     0 |    0 |     4 |    0 |     0 |    0 |     0 |    0 |     0 |    0 |  3700 |    1 |  1050 |    0 |    80 |    0 |    40 |    0 |    60 |
| X0Y3              |    1 |    12 |    0 |     4 |    0 |     2 |    0 |     4 |    0 |     1 |    0 |     1 |    0 |     0 |    0 |     0 |    0 |    50 |    0 |    50 |   14 |  4500 |    6 |  1600 |    0 |    80 |    0 |    40 |    0 |    80 |
| X1Y3              |    5 |    12 |    0 |     0 |    0 |     0 |    0 |     0 |    0 |     0 |    0 |     0 |    0 |     4 |    0 |     1 |    0 |     0 |    0 |     0 |   11 |  3550 |    5 |  1000 |    0 |    70 |    0 |    35 |    0 |    60 |
| X0Y4              |    5 |    12 |    0 |     4 |    0 |     2 |    0 |     4 |    0 |     1 |    0 |     1 |    0 |     0 |    0 |     0 |    0 |    50 |    0 |    50 |  679 |  4500 |  172 |  1600 |    0 |    80 |    0 |    40 |    0 |    80 |
| X1Y4              |   10 |    12 |    0 |     4 |    0 |     2 |    0 |     4 |    0 |     1 |    0 |     1 |    0 |     0 |    0 |     0 |    4 |    50 |    8 |    50 | 7790 |  4100 | 2416 |  1150 |    0 |   100 |    0 |    50 |    0 |    60 |
| X0Y5              |    1 |    12 |    0 |     0 |    0 |     0 |    0 |     0 |    0 |     0 |    0 |     0 |    0 |     0 |    0 |     0 |    0 |     0 |    0 |     0 |  757 |  3200 |  296 |  1000 |    0 |    40 |    0 |    20 |    0 |    40 |
| X1Y5              |   10 |    12 |    0 |     4 |    0 |     2 |    0 |     4 |    1 |     1 |    0 |     1 |    0 |     0 |    0 |     0 |    1 |    50 |    2 |    50 | 4011 |  3500 | 1251 |  1150 |    0 |   100 |    0 |    50 |    0 |    60 |
| X0Y6              |    1 |    12 |    0 |     0 |    0 |     0 |    0 |     0 |    0 |     0 |    0 |     0 |    0 |     0 |    0 |     0 |    0 |     0 |    0 |     0 |   25 |  3200 |   15 |  1000 |    0 |    40 |    0 |    20 |    0 |    40 |
| X1Y6              |    4 |    12 |    0 |     4 |    0 |     2 |    0 |     4 |    0 |     1 |    0 |     1 |    0 |     0 |    0 |     0 |    3 |    50 |    6 |    50 |  555 |  3500 |  158 |  1150 |    0 |   100 |    0 |    50 |    0 |    60 |
+-------------------+------+-------+------+-------+------+-------+------+-------+------+-------+------+-------+------+-------+------+-------+------+-------+------+-------+------+-------+------+-------+------+-------+------+-------+------+-------+
* Global Clock column represents track count; while other columns represents cell counts


6. Clock Regions : Global Clock Summary
---------------------------------------

All Modules
+----+----+----+
|    | X0 | X1 |
+----+----+----+
| Y6 |  1 |  4 |
| Y5 |  1 | 10 |
| Y4 |  5 | 10 |
| Y3 |  1 |  5 |
| Y2 |  0 |  1 |
| Y1 |  0 |  0 |
| Y0 |  0 |  0 |
+----+----+----+


7. Device Cell Placement Summary for Global Clock g0
----------------------------------------------------

+-----------+-----------------+-------------------+-----------+-------------+---------------+-------------+----------+----------------+----------+-----------------------------------------------------------------------------------------------+
| Global Id | Driver Type/Pin | Driver Region (D) | Clock     | Period (ns) | Waveform (ns) | Slice Loads | IO Loads | Clocking Loads | GT Loads | Net                                                                                           |
+-----------+-----------------+-------------------+-----------+-------------+---------------+-------------+----------+----------------+----------+-----------------------------------------------------------------------------------------------+
| g0        | BUFG/O          | n/a               | clk_pll_i |       5.000 | {0.000 2.500} |       12651 |        0 |              1 |        0 | axi_ddr_design_i/mig_7series_0/u_axi_ddr_design_mig_7series_0_1_mig/u_ddr3_infrastructure/CLK |
+-----------+-----------------+-------------------+-----------+-------------+---------------+-------------+----------+----------------+----------+-----------------------------------------------------------------------------------------------+
* Slice Loads column represents load cell count of all cell types other than IO, GT and clock resources
** IO Loads column represents load cell count of IO types
*** Clocking Loads column represents load cell count that are clock resources (global clock buffer, MMCM, PLL, etc)
**** GT Loads column represents load cell count of GT types


+----+----+-------+
|    | X0 | X1    |
+----+----+-------+
| Y6 |  0 |   547 |
| Y5 |  0 |  3986 |
| Y4 |  0 |  8108 |
| Y3 |  0 |    11 |
| Y2 |  0 |     0 |
| Y1 |  0 |     0 |
| Y0 |  0 |     0 |
+----+----+-------+


8. Device Cell Placement Summary for Global Clock g1
----------------------------------------------------

+-----------+-----------------+-------------------+------------+-------------+----------------+-------------+----------+----------------+----------+------------------------------------------------------+
| Global Id | Driver Type/Pin | Driver Region (D) | Clock      | Period (ns) | Waveform (ns)  | Slice Loads | IO Loads | Clocking Loads | GT Loads | Net                                                  |
+-----------+-----------------+-------------------+------------+-------------+----------------+-------------+----------+----------------+----------+------------------------------------------------------+
| g1        | BUFG/O          | n/a               | clk_fpga_0 |      20.000 | {0.000 10.000} |        1861 |        0 |              0 |        0 | axi_ddr_design_i/processing_system7_0/inst/FCLK_CLK0 |
+-----------+-----------------+-------------------+------------+-------------+----------------+-------------+----------+----------------+----------+------------------------------------------------------+
* Slice Loads column represents load cell count of all cell types other than IO, GT and clock resources
** IO Loads column represents load cell count of IO types
*** Clocking Loads column represents load cell count that are clock resources (global clock buffer, MMCM, PLL, etc)
**** GT Loads column represents load cell count of GT types


+----+------+------+
|    | X0   | X1   |
+----+------+------+
| Y6 |   30 |    0 |
| Y5 |  819 |   49 |
| Y4 |  679 |  284 |
| Y3 |    0 |    0 |
| Y2 |    0 |    0 |
| Y1 |    0 |    0 |
| Y0 |    0 |    0 |
+----+------+------+


9. Device Cell Placement Summary for Global Clock g2
----------------------------------------------------

+-----------+-----------------+-------------------+-------+-------------+---------------+-------------+----------+----------------+----------+------------------------------------------------------------------+
| Global Id | Driver Type/Pin | Driver Region (D) | Clock | Period (ns) | Waveform (ns) | Slice Loads | IO Loads | Clocking Loads | GT Loads | Net                                                              |
+-----------+-----------------+-------------------+-------+-------------+---------------+-------------+----------+----------------+----------+------------------------------------------------------------------+
| g2        | BUFG/O          | n/a               |       |             |               |          65 |        0 |              0 |        0 | axi_ddr_design_i/ps_to_mig_interface_0/inst/wdata_buffer__0_BUFG |
+-----------+-----------------+-------------------+-------+-------------+---------------+-------------+----------+----------------+----------+------------------------------------------------------------------+
* Slice Loads column represents load cell count of all cell types other than IO, GT and clock resources
** IO Loads column represents load cell count of IO types
*** Clocking Loads column represents load cell count that are clock resources (global clock buffer, MMCM, PLL, etc)
**** GT Loads column represents load cell count of GT types


+----+----+-----+
|    | X0 | X1  |
+----+----+-----+
| Y6 |  0 |   0 |
| Y5 |  0 |   8 |
| Y4 |  6 |  49 |
| Y3 |  0 |   2 |
| Y2 |  0 |   0 |
| Y1 |  0 |   0 |
| Y0 |  0 |   0 |
+----+----+-----+


10. Device Cell Placement Summary for Global Clock g3
-----------------------------------------------------

+-----------+-----------------+-------------------+-----------+-------------+---------------+-------------+----------+----------------+----------+----------------------------------------------------------------------------------------+
| Global Id | Driver Type/Pin | Driver Region (D) | Clock     | Period (ns) | Waveform (ns) | Slice Loads | IO Loads | Clocking Loads | GT Loads | Net                                                                                    |
+-----------+-----------------+-------------------+-----------+-------------+---------------+-------------+----------+----------------+----------+----------------------------------------------------------------------------------------+
| g3        | BUFG/O          | n/a               | sys_clk_p |       5.000 | {0.000 2.500} |          60 |        0 |              0 |        0 | axi_ddr_design_i/mig_7series_0/u_axi_ddr_design_mig_7series_0_1_mig/u_iodelay_ctrl/CLK |
+-----------+-----------------+-------------------+-----------+-------------+---------------+-------------+----------+----------------+----------+----------------------------------------------------------------------------------------+
* Slice Loads column represents load cell count of all cell types other than IO, GT and clock resources
** IO Loads column represents load cell count of IO types
*** Clocking Loads column represents load cell count that are clock resources (global clock buffer, MMCM, PLL, etc)
**** GT Loads column represents load cell count of GT types


+----+-----+-----+
|    | X0  | X1  |
+----+-----+-----+
| Y6 |   0 |  46 |
| Y5 |   0 |   0 |
| Y4 |   0 |   0 |
| Y3 |  14 |   0 |
| Y2 |   0 |   0 |
| Y1 |   0 |   0 |
| Y0 |   0 |   0 |
+----+-----+-----+


11. Device Cell Placement Summary for Global Clock g4
-----------------------------------------------------

+-----------+-----------------+-------------------+-------+-------------+---------------+-------------+----------+----------------+----------+--------------------------------------------------------------------------------+
| Global Id | Driver Type/Pin | Driver Region (D) | Clock | Period (ns) | Waveform (ns) | Slice Loads | IO Loads | Clocking Loads | GT Loads | Net                                                                            |
+-----------+-----------------+-------------------+-------+-------------+---------------+-------------+----------+----------------+----------+--------------------------------------------------------------------------------+
| g4        | BUFG/O          | n/a               |       |             |               |          40 |        0 |              0 |        0 | axi_ddr_design_i/ps_to_mig_interface_0/inst/FSM_onehot_STATE_reg_n_0_[10]_BUFG |
+-----------+-----------------+-------------------+-------+-------------+---------------+-------------+----------+----------------+----------+--------------------------------------------------------------------------------+
* Slice Loads column represents load cell count of all cell types other than IO, GT and clock resources
** IO Loads column represents load cell count of IO types
*** Clocking Loads column represents load cell count that are clock resources (global clock buffer, MMCM, PLL, etc)
**** GT Loads column represents load cell count of GT types


+----+----+-----+
|    | X0 | X1  |
+----+----+-----+
| Y6 |  0 |   0 |
| Y5 |  0 |   0 |
| Y4 |  3 |  36 |
| Y3 |  0 |   1 |
| Y2 |  0 |   0 |
| Y1 |  0 |   0 |
| Y0 |  0 |   0 |
+----+----+-----+


12. Device Cell Placement Summary for Global Clock g5
-----------------------------------------------------

+-----------+-----------------+-------------------+-------+-------------+---------------+-------------+----------+----------------+----------+-------------------------------------------------------------------------------+
| Global Id | Driver Type/Pin | Driver Region (D) | Clock | Period (ns) | Waveform (ns) | Slice Loads | IO Loads | Clocking Loads | GT Loads | Net                                                                           |
+-----------+-----------------+-------------------+-------+-------------+---------------+-------------+----------+----------------+----------+-------------------------------------------------------------------------------+
| g5        | BUFG/O          | n/a               |       |             |               |          70 |        0 |              0 |        0 | axi_ddr_design_i/ps_to_mig_interface_0/inst/FSM_onehot_STATE_reg_n_0_[3]_BUFG |
+-----------+-----------------+-------------------+-------+-------------+---------------+-------------+----------+----------------+----------+-------------------------------------------------------------------------------+
* Slice Loads column represents load cell count of all cell types other than IO, GT and clock resources
** IO Loads column represents load cell count of IO types
*** Clocking Loads column represents load cell count that are clock resources (global clock buffer, MMCM, PLL, etc)
**** GT Loads column represents load cell count of GT types


+----+----+-----+
|    | X0 | X1  |
+----+----+-----+
| Y6 |  0 |   0 |
| Y5 |  0 |   7 |
| Y4 |  1 |  59 |
| Y3 |  0 |   2 |
| Y2 |  0 |   1 |
| Y1 |  0 |   0 |
| Y0 |  0 |   0 |
+----+----+-----+


13. Device Cell Placement Summary for Global Clock g6
-----------------------------------------------------

+-----------+-----------------+-------------------+-------+-------------+---------------+-------------+----------+----------------+----------+-------------------------------------------------------------------------------+
| Global Id | Driver Type/Pin | Driver Region (D) | Clock | Period (ns) | Waveform (ns) | Slice Loads | IO Loads | Clocking Loads | GT Loads | Net                                                                           |
+-----------+-----------------+-------------------+-------+-------------+---------------+-------------+----------+----------------+----------+-------------------------------------------------------------------------------+
| g6        | BUFG/O          | n/a               |       |             |               |          31 |        0 |              0 |        0 | axi_ddr_design_i/ps_to_mig_interface_0/inst/s_axi_araddr_reg[29]_i_2_n_0_BUFG |
+-----------+-----------------+-------------------+-------+-------------+---------------+-------------+----------+----------------+----------+-------------------------------------------------------------------------------+
* Slice Loads column represents load cell count of all cell types other than IO, GT and clock resources
** IO Loads column represents load cell count of IO types
*** Clocking Loads column represents load cell count that are clock resources (global clock buffer, MMCM, PLL, etc)
**** GT Loads column represents load cell count of GT types


+----+----+-----+
|    | X0 | X1  |
+----+----+-----+
| Y6 |  0 |   0 |
| Y5 |  0 |   4 |
| Y4 |  0 |  27 |
| Y3 |  0 |   0 |
| Y2 |  0 |   0 |
| Y1 |  0 |   0 |
| Y0 |  0 |   0 |
+----+----+-----+


14. Device Cell Placement Summary for Global Clock g7
-----------------------------------------------------

+-----------+-----------------+-------------------+-------+-------------+---------------+-------------+----------+----------------+----------+-------------------------------------------------------------------------------+
| Global Id | Driver Type/Pin | Driver Region (D) | Clock | Period (ns) | Waveform (ns) | Slice Loads | IO Loads | Clocking Loads | GT Loads | Net                                                                           |
+-----------+-----------------+-------------------+-------+-------------+---------------+-------------+----------+----------------+----------+-------------------------------------------------------------------------------+
| g7        | BUFG/O          | n/a               |       |             |               |          31 |        0 |              0 |        0 | axi_ddr_design_i/ps_to_mig_interface_0/inst/s_axi_awaddr_reg[29]_i_2_n_0_BUFG |
+-----------+-----------------+-------------------+-------+-------------+---------------+-------------+----------+----------------+----------+-------------------------------------------------------------------------------+
* Slice Loads column represents load cell count of all cell types other than IO, GT and clock resources
** IO Loads column represents load cell count of IO types
*** Clocking Loads column represents load cell count that are clock resources (global clock buffer, MMCM, PLL, etc)
**** GT Loads column represents load cell count of GT types


+----+----+-----+
|    | X0 | X1  |
+----+----+-----+
| Y6 |  0 |   0 |
| Y5 |  0 |   6 |
| Y4 |  0 |  25 |
| Y3 |  0 |   0 |
| Y2 |  0 |   0 |
| Y1 |  0 |   0 |
| Y0 |  0 |   0 |
+----+----+-----+


15. Device Cell Placement Summary for Global Clock g8
-----------------------------------------------------

+-----------+-----------------+-------------------+-------+-------------+---------------+-------------+----------+----------------+----------+-------------------------------------------------------------------+
| Global Id | Driver Type/Pin | Driver Region (D) | Clock | Period (ns) | Waveform (ns) | Slice Loads | IO Loads | Clocking Loads | GT Loads | Net                                                               |
+-----------+-----------------+-------------------+-------+-------------+---------------+-------------+----------+----------------+----------+-------------------------------------------------------------------+
| g8        | BUFG/O          | n/a               |       |             |               |          34 |        0 |              0 |        0 | axi_ddr_design_i/ps_to_mig_interface_0/inst/araddr_buffer__0_BUFG |
+-----------+-----------------+-------------------+-------+-------------+---------------+-------------+----------+----------------+----------+-------------------------------------------------------------------+
* Slice Loads column represents load cell count of all cell types other than IO, GT and clock resources
** IO Loads column represents load cell count of IO types
*** Clocking Loads column represents load cell count that are clock resources (global clock buffer, MMCM, PLL, etc)
**** GT Loads column represents load cell count of GT types


+----+----+-----+
|    | X0 | X1  |
+----+----+-----+
| Y6 |  0 |   0 |
| Y5 |  0 |   9 |
| Y4 |  1 |  22 |
| Y3 |  0 |   2 |
| Y2 |  0 |   0 |
| Y1 |  0 |   0 |
| Y0 |  0 |   0 |
+----+----+-----+


16. Device Cell Placement Summary for Global Clock g9
-----------------------------------------------------

+-----------+-----------------+-------------------+---------------------+-------------+---------------+-------------+----------+----------------+----------+-------------------------------------------------------------------------------------------------------+
| Global Id | Driver Type/Pin | Driver Region (D) | Clock               | Period (ns) | Waveform (ns) | Slice Loads | IO Loads | Clocking Loads | GT Loads | Net                                                                                                   |
+-----------+-----------------+-------------------+---------------------+-------------+---------------+-------------+----------+----------------+----------+-------------------------------------------------------------------------------------------------------+
| g9        | BUFG/O          | n/a               | mmcm_ps_clk_bufg_in |      10.000 | {0.000 5.000} |          22 |        0 |              0 |        0 | axi_ddr_design_i/mig_7series_0/u_axi_ddr_design_mig_7series_0_1_mig/u_ddr3_infrastructure/mmcm_ps_clk |
+-----------+-----------------+-------------------+---------------------+-------------+---------------+-------------+----------+----------------+----------+-------------------------------------------------------------------------------------------------------+
* Slice Loads column represents load cell count of all cell types other than IO, GT and clock resources
** IO Loads column represents load cell count of IO types
*** Clocking Loads column represents load cell count that are clock resources (global clock buffer, MMCM, PLL, etc)
**** GT Loads column represents load cell count of GT types


+----+----+-----+
|    | X0 | X1  |
+----+----+-----+
| Y6 |  0 |   5 |
| Y5 |  0 |  13 |
| Y4 |  0 |   4 |
| Y3 |  0 |   0 |
| Y2 |  0 |   0 |
| Y1 |  0 |   0 |
| Y0 |  0 |   0 |
+----+----+-----+


17. Device Cell Placement Summary for Global Clock g10
------------------------------------------------------

+-----------+-----------------+-------------------+------------------+-------------+---------------+-------------+----------+----------------+----------+------------------------------------------------------------------------------------------------------------------------------------------+
| Global Id | Driver Type/Pin | Driver Region (D) | Clock            | Period (ns) | Waveform (ns) | Slice Loads | IO Loads | Clocking Loads | GT Loads | Net                                                                                                                                      |
+-----------+-----------------+-------------------+------------------+-------------+---------------+-------------+----------+----------------+----------+------------------------------------------------------------------------------------------------------------------------------------------+
| g10       | BUFG/O          | n/a               | clk_ref_mmcm_400 |       2.500 | {0.000 1.250} |          18 |        0 |              0 |        0 | axi_ddr_design_i/mig_7series_0/u_axi_ddr_design_mig_7series_0_1_mig/u_iodelay_ctrl/clk_ref_300_400_en.clk_ref_400.u_bufg_clk_ref_400_n_0 |
+-----------+-----------------+-------------------+------------------+-------------+---------------+-------------+----------+----------------+----------+------------------------------------------------------------------------------------------------------------------------------------------+
* Slice Loads column represents load cell count of all cell types other than IO, GT and clock resources
** IO Loads column represents load cell count of IO types
*** Clocking Loads column represents load cell count that are clock resources (global clock buffer, MMCM, PLL, etc)
**** GT Loads column represents load cell count of GT types


+----+----+-----+
|    | X0 | X1  |
+----+----+-----+
| Y6 |  0 |   1 |
| Y5 |  0 |   1 |
| Y4 |  0 |  16 |
| Y3 |  0 |   0 |
| Y2 |  0 |   0 |
| Y1 |  0 |   0 |
| Y0 |  0 |   0 |
+----+----+-----+


18. Device Cell Placement Summary for Global Clock g11
------------------------------------------------------

+-----------+-----------------+-------------------+--------------+-------------+---------------+-------------+----------+----------------+----------+----------------------------------------------------------------------------------------------------+
| Global Id | Driver Type/Pin | Driver Region (D) | Clock        | Period (ns) | Waveform (ns) | Slice Loads | IO Loads | Clocking Loads | GT Loads | Net                                                                                                |
+-----------+-----------------+-------------------+--------------+-------------+---------------+-------------+----------+----------------+----------+----------------------------------------------------------------------------------------------------+
| g11       | BUFH/O          | X1Y5              | pll_clk3_out |       5.000 | {0.000 2.500} |           0 |        0 |              1 |        0 | axi_ddr_design_i/mig_7series_0/u_axi_ddr_design_mig_7series_0_1_mig/u_ddr3_infrastructure/pll_clk3 |
+-----------+-----------------+-------------------+--------------+-------------+---------------+-------------+----------+----------------+----------+----------------------------------------------------------------------------------------------------+
* Slice Loads column represents load cell count of all cell types other than IO, GT and clock resources
** IO Loads column represents load cell count of IO types
*** Clocking Loads column represents load cell count that are clock resources (global clock buffer, MMCM, PLL, etc)
**** GT Loads column represents load cell count of GT types


+----+----+--------+
|    | X0 | X1     |
+----+----+--------+
| Y6 |  0 |      0 |
| Y5 |  0 |  (D) 1 |
| Y4 |  0 |      0 |
| Y3 |  0 |      0 |
| Y2 |  0 |      0 |
| Y1 |  0 |      0 |
| Y0 |  0 |      0 |
+----+----+--------+


19. Clock Region Cell Placement per Global Clock: Region X1Y2
-------------------------------------------------------------

+-----------+-------+-----------------+------------+-------------+-----------------+----+--------+------+-----+----+------+-----+---------+-------------------------------------------------------------------------------+
| Global Id | Track | Driver Type/Pin | Constraint | Clock Loads | Non-Clock Loads | FF | LUTRAM | RAMB | DSP | GT | MMCM | PLL | Hard IP | Net                                                                           |
+-----------+-------+-----------------+------------+-------------+-----------------+----+--------+------+-----+----+------+-----+---------+-------------------------------------------------------------------------------+
| g5        | n/a   | BUFG/O          | None       |           0 |               1 |  0 |      0 |    0 |   0 |  0 |    0 |   0 |       0 | axi_ddr_design_i/ps_to_mig_interface_0/inst/FSM_onehot_STATE_reg_n_0_[3]_BUFG |
+-----------+-------+-----------------+------------+-------------+-----------------+----+--------+------+-----+----+------+-----+---------+-------------------------------------------------------------------------------+
* Clock Loads column represents the clock pin loads (pin count)
** Non-Clock Loads column represents the non-clock pin loads (pin count)
*** Columns FF, LUTRAM, RAMB through 'Hard IP' represents load cell counts


20. Clock Region Cell Placement per Global Clock: Region X0Y3
-------------------------------------------------------------

+-----------+-------+-----------------+------------+-------------+-----------------+----+--------+------+-----+----+------+-----+---------+----------------------------------------------------------------------------------------+
| Global Id | Track | Driver Type/Pin | Constraint | Clock Loads | Non-Clock Loads | FF | LUTRAM | RAMB | DSP | GT | MMCM | PLL | Hard IP | Net                                                                                    |
+-----------+-------+-----------------+------------+-------------+-----------------+----+--------+------+-----+----+------+-----+---------+----------------------------------------------------------------------------------------+
| g3        | n/a   | BUFG/O          | None       |          14 |               0 | 14 |      0 |    0 |   0 |  0 |    0 |   0 |       0 | axi_ddr_design_i/mig_7series_0/u_axi_ddr_design_mig_7series_0_1_mig/u_iodelay_ctrl/CLK |
+-----------+-------+-----------------+------------+-------------+-----------------+----+--------+------+-----+----+------+-----+---------+----------------------------------------------------------------------------------------+
* Clock Loads column represents the clock pin loads (pin count)
** Non-Clock Loads column represents the non-clock pin loads (pin count)
*** Columns FF, LUTRAM, RAMB through 'Hard IP' represents load cell counts


21. Clock Region Cell Placement per Global Clock: Region X1Y3
-------------------------------------------------------------

+-----------+-------+-----------------+------------+-------------+-----------------+----+--------+------+-----+----+------+-----+---------+-----------------------------------------------------------------------------------------------+
| Global Id | Track | Driver Type/Pin | Constraint | Clock Loads | Non-Clock Loads | FF | LUTRAM | RAMB | DSP | GT | MMCM | PLL | Hard IP | Net                                                                                           |
+-----------+-------+-----------------+------------+-------------+-----------------+----+--------+------+-----+----+------+-----+---------+-----------------------------------------------------------------------------------------------+
| g0        | n/a   | BUFG/O          | None       |          11 |               0 | 11 |      0 |    0 |   0 |  0 |    0 |   0 |       0 | axi_ddr_design_i/mig_7series_0/u_axi_ddr_design_mig_7series_0_1_mig/u_ddr3_infrastructure/CLK |
| g2        | n/a   | BUFG/O          | None       |           0 |               2 |  1 |      0 |    0 |   0 |  0 |    0 |   0 |       0 | axi_ddr_design_i/ps_to_mig_interface_0/inst/wdata_buffer__0_BUFG                              |
| g4        | n/a   | BUFG/O          | None       |           0 |               1 |  0 |      0 |    0 |   0 |  0 |    0 |   0 |       0 | axi_ddr_design_i/ps_to_mig_interface_0/inst/FSM_onehot_STATE_reg_n_0_[10]_BUFG                |
| g5        | n/a   | BUFG/O          | None       |           0 |               2 |  1 |      0 |    0 |   0 |  0 |    0 |   0 |       0 | axi_ddr_design_i/ps_to_mig_interface_0/inst/FSM_onehot_STATE_reg_n_0_[3]_BUFG                 |
| g8        | n/a   | BUFG/O          | None       |           0 |               2 |  1 |      0 |    0 |   0 |  0 |    0 |   0 |       0 | axi_ddr_design_i/ps_to_mig_interface_0/inst/araddr_buffer__0_BUFG                             |
+-----------+-------+-----------------+------------+-------------+-----------------+----+--------+------+-----+----+------+-----+---------+-----------------------------------------------------------------------------------------------+
* Clock Loads column represents the clock pin loads (pin count)
** Non-Clock Loads column represents the non-clock pin loads (pin count)
*** Columns FF, LUTRAM, RAMB through 'Hard IP' represents load cell counts


22. Clock Region Cell Placement per Global Clock: Region X0Y4
-------------------------------------------------------------

+-----------+-------+-----------------+------------+-------------+-----------------+-----+--------+------+-----+----+------+-----+---------+--------------------------------------------------------------------------------+
| Global Id | Track | Driver Type/Pin | Constraint | Clock Loads | Non-Clock Loads | FF  | LUTRAM | RAMB | DSP | GT | MMCM | PLL | Hard IP | Net                                                                            |
+-----------+-------+-----------------+------------+-------------+-----------------+-----+--------+------+-----+----+------+-----+---------+--------------------------------------------------------------------------------+
| g1        | n/a   | BUFG/O          | None       |         679 |               0 | 679 |      0 |    0 |   0 |  0 |    0 |   0 |       0 | axi_ddr_design_i/processing_system7_0/inst/FCLK_CLK0                           |
| g2        | n/a   | BUFG/O          | None       |           5 |               1 |   0 |      0 |    0 |   0 |  0 |    0 |   0 |       0 | axi_ddr_design_i/ps_to_mig_interface_0/inst/wdata_buffer__0_BUFG               |
| g4        | n/a   | BUFG/O          | None       |           0 |               3 |   0 |      0 |    0 |   0 |  0 |    0 |   0 |       0 | axi_ddr_design_i/ps_to_mig_interface_0/inst/FSM_onehot_STATE_reg_n_0_[10]_BUFG |
| g5        | n/a   | BUFG/O          | None       |           0 |               1 |   0 |      0 |    0 |   0 |  0 |    0 |   0 |       0 | axi_ddr_design_i/ps_to_mig_interface_0/inst/FSM_onehot_STATE_reg_n_0_[3]_BUFG  |
| g8        | n/a   | BUFG/O          | None       |           0 |               1 |   0 |      0 |    0 |   0 |  0 |    0 |   0 |       0 | axi_ddr_design_i/ps_to_mig_interface_0/inst/araddr_buffer__0_BUFG              |
+-----------+-------+-----------------+------------+-------------+-----------------+-----+--------+------+-----+----+------+-----+---------+--------------------------------------------------------------------------------+
* Clock Loads column represents the clock pin loads (pin count)
** Non-Clock Loads column represents the non-clock pin loads (pin count)
*** Columns FF, LUTRAM, RAMB through 'Hard IP' represents load cell counts


23. Clock Region Cell Placement per Global Clock: Region X1Y4
-------------------------------------------------------------

+-----------+-------+-----------------+------------+-------------+-----------------+------+--------+------+-----+----+------+-----+---------+------------------------------------------------------------------------------------------------------------------------------------------+
| Global Id | Track | Driver Type/Pin | Constraint | Clock Loads | Non-Clock Loads | FF   | LUTRAM | RAMB | DSP | GT | MMCM | PLL | Hard IP | Net                                                                                                                                      |
+-----------+-------+-----------------+------------+-------------+-----------------+------+--------+------+-----+----+------+-----+---------+------------------------------------------------------------------------------------------------------------------------------------------+
| g0        | n/a   | BUFG/O          | None       |        8108 |               0 | 7491 |    568 |    0 |   0 |  0 |    0 |   0 |       0 | axi_ddr_design_i/mig_7series_0/u_axi_ddr_design_mig_7series_0_1_mig/u_ddr3_infrastructure/CLK                                            |
| g1        | n/a   | BUFG/O          | None       |         284 |               0 |  284 |      0 |    0 |   0 |  0 |    0 |   0 |       0 | axi_ddr_design_i/processing_system7_0/inst/FCLK_CLK0                                                                                     |
| g2        | n/a   | BUFG/O          | None       |          49 |               0 |    0 |      0 |    0 |   0 |  0 |    0 |   0 |       0 | axi_ddr_design_i/ps_to_mig_interface_0/inst/wdata_buffer__0_BUFG                                                                         |
| g4        | n/a   | BUFG/O          | None       |          32 |               4 |    0 |      0 |    0 |   0 |  0 |    0 |   0 |       0 | axi_ddr_design_i/ps_to_mig_interface_0/inst/FSM_onehot_STATE_reg_n_0_[10]_BUFG                                                           |
| g5        | n/a   | BUFG/O          | None       |          32 |              27 |    0 |      0 |    0 |   0 |  0 |    0 |   0 |       0 | axi_ddr_design_i/ps_to_mig_interface_0/inst/FSM_onehot_STATE_reg_n_0_[3]_BUFG                                                            |
| g6        | n/a   | BUFG/O          | None       |          27 |               0 |    0 |      0 |    0 |   0 |  0 |    0 |   0 |       0 | axi_ddr_design_i/ps_to_mig_interface_0/inst/s_axi_araddr_reg[29]_i_2_n_0_BUFG                                                            |
| g7        | n/a   | BUFG/O          | None       |          25 |               0 |    0 |      0 |    0 |   0 |  0 |    0 |   0 |       0 | axi_ddr_design_i/ps_to_mig_interface_0/inst/s_axi_awaddr_reg[29]_i_2_n_0_BUFG                                                            |
| g8        | n/a   | BUFG/O          | None       |          21 |               1 |    0 |      0 |    0 |   0 |  0 |    0 |   0 |       0 | axi_ddr_design_i/ps_to_mig_interface_0/inst/araddr_buffer__0_BUFG                                                                        |
| g9        | n/a   | BUFG/O          | None       |           4 |               0 |    0 |      0 |    0 |   0 |  0 |    0 |   0 |       0 | axi_ddr_design_i/mig_7series_0/u_axi_ddr_design_mig_7series_0_1_mig/u_ddr3_infrastructure/mmcm_ps_clk                                    |
| g10       | n/a   | BUFG/O          | None       |          16 |               0 |   15 |      0 |    0 |   0 |  0 |    0 |   0 |       0 | axi_ddr_design_i/mig_7series_0/u_axi_ddr_design_mig_7series_0_1_mig/u_iodelay_ctrl/clk_ref_300_400_en.clk_ref_400.u_bufg_clk_ref_400_n_0 |
+-----------+-------+-----------------+------------+-------------+-----------------+------+--------+------+-----+----+------+-----+---------+------------------------------------------------------------------------------------------------------------------------------------------+
* Clock Loads column represents the clock pin loads (pin count)
** Non-Clock Loads column represents the non-clock pin loads (pin count)
*** Columns FF, LUTRAM, RAMB through 'Hard IP' represents load cell counts


24. Clock Region Cell Placement per Global Clock: Region X0Y5
-------------------------------------------------------------

+-----------+-------+-----------------+------------+-------------+-----------------+-----+--------+------+-----+----+------+-----+---------+------------------------------------------------------+
| Global Id | Track | Driver Type/Pin | Constraint | Clock Loads | Non-Clock Loads | FF  | LUTRAM | RAMB | DSP | GT | MMCM | PLL | Hard IP | Net                                                  |
+-----------+-------+-----------------+------------+-------------+-----------------+-----+--------+------+-----+----+------+-----+---------+------------------------------------------------------+
| g1        | n/a   | BUFG/O          | None       |         819 |               0 | 757 |     62 |    0 |   0 |  0 |    0 |   0 |       0 | axi_ddr_design_i/processing_system7_0/inst/FCLK_CLK0 |
+-----------+-------+-----------------+------------+-------------+-----------------+-----+--------+------+-----+----+------+-----+---------+------------------------------------------------------+
* Clock Loads column represents the clock pin loads (pin count)
** Non-Clock Loads column represents the non-clock pin loads (pin count)
*** Columns FF, LUTRAM, RAMB through 'Hard IP' represents load cell counts


25. Clock Region Cell Placement per Global Clock: Region X1Y5
-------------------------------------------------------------

+-----------+-------+-----------------+------------+-------------+-----------------+------+--------+------+-----+----+------+-----+---------+------------------------------------------------------------------------------------------------------------------------------------------+
| Global Id | Track | Driver Type/Pin | Constraint | Clock Loads | Non-Clock Loads | FF   | LUTRAM | RAMB | DSP | GT | MMCM | PLL | Hard IP | Net                                                                                                                                      |
+-----------+-------+-----------------+------------+-------------+-----------------+------+--------+------+-----+----+------+-----+---------+------------------------------------------------------------------------------------------------------------------------------------------+
| g0        | n/a   | BUFG/O          | None       |        3986 |               0 | 3950 |     16 |    0 |   0 |  0 |    1 |   0 |       0 | axi_ddr_design_i/mig_7series_0/u_axi_ddr_design_mig_7series_0_1_mig/u_ddr3_infrastructure/CLK                                            |
| g1        | n/a   | BUFG/O          | None       |          49 |               0 |   49 |      0 |    0 |   0 |  0 |    0 |   0 |       0 | axi_ddr_design_i/processing_system7_0/inst/FCLK_CLK0                                                                                     |
| g2        | n/a   | BUFG/O          | None       |           8 |               0 |    0 |      0 |    0 |   0 |  0 |    0 |   0 |       0 | axi_ddr_design_i/ps_to_mig_interface_0/inst/wdata_buffer__0_BUFG                                                                         |
| g5        | n/a   | BUFG/O          | None       |           0 |               7 |    0 |      0 |    0 |   0 |  0 |    0 |   0 |       0 | axi_ddr_design_i/ps_to_mig_interface_0/inst/FSM_onehot_STATE_reg_n_0_[3]_BUFG                                                            |
| g6        | n/a   | BUFG/O          | None       |           4 |               0 |    0 |      0 |    0 |   0 |  0 |    0 |   0 |       0 | axi_ddr_design_i/ps_to_mig_interface_0/inst/s_axi_araddr_reg[29]_i_2_n_0_BUFG                                                            |
| g7        | n/a   | BUFG/O          | None       |           6 |               0 |    0 |      0 |    0 |   0 |  0 |    0 |   0 |       0 | axi_ddr_design_i/ps_to_mig_interface_0/inst/s_axi_awaddr_reg[29]_i_2_n_0_BUFG                                                            |
| g8        | n/a   | BUFG/O          | None       |           9 |               0 |    0 |      0 |    0 |   0 |  0 |    0 |   0 |       0 | axi_ddr_design_i/ps_to_mig_interface_0/inst/araddr_buffer__0_BUFG                                                                        |
| g9        | n/a   | BUFG/O          | None       |          13 |               0 |   12 |      0 |    0 |   0 |  0 |    0 |   0 |       0 | axi_ddr_design_i/mig_7series_0/u_axi_ddr_design_mig_7series_0_1_mig/u_ddr3_infrastructure/mmcm_ps_clk                                    |
| g10       | n/a   | BUFG/O          | None       |           1 |               0 |    0 |      0 |    0 |   0 |  0 |    0 |   0 |       0 | axi_ddr_design_i/mig_7series_0/u_axi_ddr_design_mig_7series_0_1_mig/u_iodelay_ctrl/clk_ref_300_400_en.clk_ref_400.u_bufg_clk_ref_400_n_0 |
| g11       | n/a   | BUFH/O          | None       |           1 |               0 |    0 |      0 |    0 |   0 |  0 |    1 |   0 |       0 | axi_ddr_design_i/mig_7series_0/u_axi_ddr_design_mig_7series_0_1_mig/u_ddr3_infrastructure/pll_clk3                                       |
+-----------+-------+-----------------+------------+-------------+-----------------+------+--------+------+-----+----+------+-----+---------+------------------------------------------------------------------------------------------------------------------------------------------+
* Clock Loads column represents the clock pin loads (pin count)
** Non-Clock Loads column represents the non-clock pin loads (pin count)
*** Columns FF, LUTRAM, RAMB through 'Hard IP' represents load cell counts


26. Clock Region Cell Placement per Global Clock: Region X0Y6
-------------------------------------------------------------

+-----------+-------+-----------------+------------+-------------+-----------------+----+--------+------+-----+----+------+-----+---------+------------------------------------------------------+
| Global Id | Track | Driver Type/Pin | Constraint | Clock Loads | Non-Clock Loads | FF | LUTRAM | RAMB | DSP | GT | MMCM | PLL | Hard IP | Net                                                  |
+-----------+-------+-----------------+------------+-------------+-----------------+----+--------+------+-----+----+------+-----+---------+------------------------------------------------------+
| g1        | n/a   | BUFG/O          | None       |          30 |               0 | 25 |      4 |    0 |   0 |  0 |    0 |   0 |       0 | axi_ddr_design_i/processing_system7_0/inst/FCLK_CLK0 |
+-----------+-------+-----------------+------------+-------------+-----------------+----+--------+------+-----+----+------+-----+---------+------------------------------------------------------+
* Clock Loads column represents the clock pin loads (pin count)
** Non-Clock Loads column represents the non-clock pin loads (pin count)
*** Columns FF, LUTRAM, RAMB through 'Hard IP' represents load cell counts


27. Clock Region Cell Placement per Global Clock: Region X1Y6
-------------------------------------------------------------

+-----------+-------+-----------------+------------+-------------+-----------------+-----+--------+------+-----+----+------+-----+---------+------------------------------------------------------------------------------------------------------------------------------------------+
| Global Id | Track | Driver Type/Pin | Constraint | Clock Loads | Non-Clock Loads | FF  | LUTRAM | RAMB | DSP | GT | MMCM | PLL | Hard IP | Net                                                                                                                                      |
+-----------+-------+-----------------+------------+-------------+-----------------+-----+--------+------+-----+----+------+-----+---------+------------------------------------------------------------------------------------------------------------------------------------------+
| g0        | n/a   | BUFG/O          | None       |         547 |               0 | 508 |      2 |    0 |   0 |  0 |    0 |   0 |       0 | axi_ddr_design_i/mig_7series_0/u_axi_ddr_design_mig_7series_0_1_mig/u_ddr3_infrastructure/CLK                                            |
| g3        | n/a   | BUFG/O          | None       |          46 |               0 |  45 |      0 |    0 |   0 |  0 |    0 |   0 |       0 | axi_ddr_design_i/mig_7series_0/u_axi_ddr_design_mig_7series_0_1_mig/u_iodelay_ctrl/CLK                                                   |
| g9        | n/a   | BUFG/O          | None       |           5 |               0 |   2 |      0 |    0 |   0 |  0 |    0 |   0 |       0 | axi_ddr_design_i/mig_7series_0/u_axi_ddr_design_mig_7series_0_1_mig/u_ddr3_infrastructure/mmcm_ps_clk                                    |
| g10       | n/a   | BUFG/O          | None       |           1 |               0 |   0 |      0 |    0 |   0 |  0 |    0 |   0 |       0 | axi_ddr_design_i/mig_7series_0/u_axi_ddr_design_mig_7series_0_1_mig/u_iodelay_ctrl/clk_ref_300_400_en.clk_ref_400.u_bufg_clk_ref_400_n_0 |
+-----------+-------+-----------------+------------+-------------+-----------------+-----+--------+------+-----+----+------+-----+---------+------------------------------------------------------------------------------------------------------------------------------------------+
* Clock Loads column represents the clock pin loads (pin count)
** Non-Clock Loads column represents the non-clock pin loads (pin count)
*** Columns FF, LUTRAM, RAMB through 'Hard IP' represents load cell counts



# Location of BUFG Primitives 
set_property LOC BUFGCTRL_X0Y2 [get_cells axi_ddr_design_i/ps_to_mig_interface_0/inst/wdata_buffer__0_BUFG_inst]
set_property LOC BUFGCTRL_X0Y6 [get_cells axi_ddr_design_i/ps_to_mig_interface_0/inst/s_axi_awaddr_reg[29]_i_2_n_0_BUFG_inst]
set_property LOC BUFGCTRL_X0Y5 [get_cells axi_ddr_design_i/ps_to_mig_interface_0/inst/s_axi_araddr_reg[29]_i_2_n_0_BUFG_inst]
set_property LOC BUFGCTRL_X0Y4 [get_cells axi_ddr_design_i/ps_to_mig_interface_0/inst/araddr_buffer__0_BUFG_inst]
set_property LOC BUFGCTRL_X0Y1 [get_cells axi_ddr_design_i/ps_to_mig_interface_0/inst/FSM_onehot_STATE_reg_n_0_[3]_BUFG_inst]
set_property LOC BUFGCTRL_X0Y3 [get_cells axi_ddr_design_i/ps_to_mig_interface_0/inst/FSM_onehot_STATE_reg_n_0_[10]_BUFG_inst]
set_property LOC BUFGCTRL_X0Y17 [get_cells axi_ddr_design_i/processing_system7_0/inst/buffer_fclk_clk_0.FCLK_CLK_0_BUFG]
set_property LOC BUFGCTRL_X0Y0 [get_cells axi_ddr_design_i/mig_7series_0/u_axi_ddr_design_mig_7series_0_1_mig/u_iodelay_ctrl/clk_ref_300_400_en.clk_ref_400.u_bufg_clk_ref_400]
set_property LOC BUFGCTRL_X0Y19 [get_cells axi_ddr_design_i/mig_7series_0/u_axi_ddr_design_mig_7series_0_1_mig/u_iodelay_ctrl/clk_ref_200.u_bufg_clk_ref]
set_property LOC BUFGCTRL_X0Y18 [get_cells axi_ddr_design_i/mig_7series_0/u_axi_ddr_design_mig_7series_0_1_mig/u_ddr3_infrastructure/gen_mmcm.u_bufg_mmcm_ps_clk]
set_property LOC BUFGCTRL_X0Y16 [get_cells axi_ddr_design_i/mig_7series_0/u_axi_ddr_design_mig_7series_0_1_mig/u_ddr3_infrastructure/u_bufg_clkdiv0]

# Location of BUFH Primitives 
set_property LOC BUFHCE_X1Y60 [get_cells axi_ddr_design_i/mig_7series_0/u_axi_ddr_design_mig_7series_0_1_mig/u_ddr3_infrastructure/u_bufh_pll_clk3]

# Location of IO Primitives which is load of clock spine

# Location of clock ports
set_property LOC IOB_X1Y273 [get_ports sys_clk_n]
set_property LOC IOB_X1Y274 [get_ports sys_clk_p]

# Clock net "axi_ddr_design_i/ps_to_mig_interface_0/inst/wdata_buffer__0_BUFG" driven by instance "axi_ddr_design_i/ps_to_mig_interface_0/inst/wdata_buffer__0_BUFG_inst" located at site "BUFGCTRL_X0Y2"
#startgroup
create_pblock {CLKAG_axi_ddr_design_i/ps_to_mig_interface_0/inst/wdata_buffer__0_BUFG}
add_cells_to_pblock [get_pblocks  {CLKAG_axi_ddr_design_i/ps_to_mig_interface_0/inst/wdata_buffer__0_BUFG}] [get_cells -filter { PRIMITIVE_GROUP != I/O && IS_PRIMITIVE==1 && PRIMITIVE_LEVEL !=INTERNAL } -of_object [get_pins -filter {DIRECTION==IN} -of_objects [get_nets -hierarchical -filter {PARENT=="axi_ddr_design_i/ps_to_mig_interface_0/inst/wdata_buffer__0_BUFG"}]]]
resize_pblock [get_pblocks {CLKAG_axi_ddr_design_i/ps_to_mig_interface_0/inst/wdata_buffer__0_BUFG}] -add {CLOCKREGION_X0Y4:CLOCKREGION_X0Y4 CLOCKREGION_X1Y3:CLOCKREGION_X1Y3 CLOCKREGION_X1Y4:CLOCKREGION_X1Y4 CLOCKREGION_X1Y5:CLOCKREGION_X1Y5}
#endgroup

# Clock net "axi_ddr_design_i/ps_to_mig_interface_0/inst/s_axi_awaddr_reg[29]_i_2_n_0_BUFG" driven by instance "axi_ddr_design_i/ps_to_mig_interface_0/inst/s_axi_awaddr_reg[29]_i_2_n_0_BUFG_inst" located at site "BUFGCTRL_X0Y6"
#startgroup
create_pblock {CLKAG_axi_ddr_design_i/ps_to_mig_interface_0/inst/s_axi_awaddr_reg[29]_i_2_n_0_BUFG}
add_cells_to_pblock [get_pblocks  {CLKAG_axi_ddr_design_i/ps_to_mig_interface_0/inst/s_axi_awaddr_reg[29]_i_2_n_0_BUFG}] [get_cells -filter { PRIMITIVE_GROUP != I/O && IS_PRIMITIVE==1 && PRIMITIVE_LEVEL !=INTERNAL } -of_object [get_pins -filter {DIRECTION==IN} -of_objects [get_nets -hierarchical -filter {PARENT=="axi_ddr_design_i/ps_to_mig_interface_0/inst/s_axi_awaddr_reg[29]_i_2_n_0_BUFG"}]]]
resize_pblock [get_pblocks {CLKAG_axi_ddr_design_i/ps_to_mig_interface_0/inst/s_axi_awaddr_reg[29]_i_2_n_0_BUFG}] -add {CLOCKREGION_X1Y4:CLOCKREGION_X1Y4 CLOCKREGION_X1Y5:CLOCKREGION_X1Y5}
#endgroup

# Clock net "axi_ddr_design_i/ps_to_mig_interface_0/inst/s_axi_araddr_reg[29]_i_2_n_0_BUFG" driven by instance "axi_ddr_design_i/ps_to_mig_interface_0/inst/s_axi_araddr_reg[29]_i_2_n_0_BUFG_inst" located at site "BUFGCTRL_X0Y5"
#startgroup
create_pblock {CLKAG_axi_ddr_design_i/ps_to_mig_interface_0/inst/s_axi_araddr_reg[29]_i_2_n_0_BUFG}
add_cells_to_pblock [get_pblocks  {CLKAG_axi_ddr_design_i/ps_to_mig_interface_0/inst/s_axi_araddr_reg[29]_i_2_n_0_BUFG}] [get_cells -filter { PRIMITIVE_GROUP != I/O && IS_PRIMITIVE==1 && PRIMITIVE_LEVEL !=INTERNAL } -of_object [get_pins -filter {DIRECTION==IN} -of_objects [get_nets -hierarchical -filter {PARENT=="axi_ddr_design_i/ps_to_mig_interface_0/inst/s_axi_araddr_reg[29]_i_2_n_0_BUFG"}]]]
resize_pblock [get_pblocks {CLKAG_axi_ddr_design_i/ps_to_mig_interface_0/inst/s_axi_araddr_reg[29]_i_2_n_0_BUFG}] -add {CLOCKREGION_X1Y4:CLOCKREGION_X1Y4 CLOCKREGION_X1Y5:CLOCKREGION_X1Y5}
#endgroup

# Clock net "axi_ddr_design_i/ps_to_mig_interface_0/inst/araddr_buffer__0_BUFG" driven by instance "axi_ddr_design_i/ps_to_mig_interface_0/inst/araddr_buffer__0_BUFG_inst" located at site "BUFGCTRL_X0Y4"
#startgroup
create_pblock {CLKAG_axi_ddr_design_i/ps_to_mig_interface_0/inst/araddr_buffer__0_BUFG}
add_cells_to_pblock [get_pblocks  {CLKAG_axi_ddr_design_i/ps_to_mig_interface_0/inst/araddr_buffer__0_BUFG}] [get_cells -filter { PRIMITIVE_GROUP != I/O && IS_PRIMITIVE==1 && PRIMITIVE_LEVEL !=INTERNAL } -of_object [get_pins -filter {DIRECTION==IN} -of_objects [get_nets -hierarchical -filter {PARENT=="axi_ddr_design_i/ps_to_mig_interface_0/inst/araddr_buffer__0_BUFG"}]]]
resize_pblock [get_pblocks {CLKAG_axi_ddr_design_i/ps_to_mig_interface_0/inst/araddr_buffer__0_BUFG}] -add {CLOCKREGION_X0Y4:CLOCKREGION_X0Y4 CLOCKREGION_X1Y3:CLOCKREGION_X1Y3 CLOCKREGION_X1Y4:CLOCKREGION_X1Y4 CLOCKREGION_X1Y5:CLOCKREGION_X1Y5}
#endgroup

# Clock net "axi_ddr_design_i/ps_to_mig_interface_0/inst/FSM_onehot_STATE_reg_n_0_[3]_BUFG" driven by instance "axi_ddr_design_i/ps_to_mig_interface_0/inst/FSM_onehot_STATE_reg_n_0_[3]_BUFG_inst" located at site "BUFGCTRL_X0Y1"
#startgroup
create_pblock {CLKAG_axi_ddr_design_i/ps_to_mig_interface_0/inst/FSM_onehot_STATE_reg_n_0_[3]_BUFG}
add_cells_to_pblock [get_pblocks  {CLKAG_axi_ddr_design_i/ps_to_mig_interface_0/inst/FSM_onehot_STATE_reg_n_0_[3]_BUFG}] [get_cells -filter { PRIMITIVE_GROUP != I/O && IS_PRIMITIVE==1 && PRIMITIVE_LEVEL !=INTERNAL } -of_object [get_pins -filter {DIRECTION==IN} -of_objects [get_nets -hierarchical -filter {PARENT=="axi_ddr_design_i/ps_to_mig_interface_0/inst/FSM_onehot_STATE_reg_n_0_[3]_BUFG"}]]]
resize_pblock [get_pblocks {CLKAG_axi_ddr_design_i/ps_to_mig_interface_0/inst/FSM_onehot_STATE_reg_n_0_[3]_BUFG}] -add {CLOCKREGION_X0Y4:CLOCKREGION_X0Y4 CLOCKREGION_X1Y2:CLOCKREGION_X1Y2 CLOCKREGION_X1Y3:CLOCKREGION_X1Y3 CLOCKREGION_X1Y4:CLOCKREGION_X1Y4 CLOCKREGION_X1Y5:CLOCKREGION_X1Y5}
#endgroup

# Clock net "axi_ddr_design_i/ps_to_mig_interface_0/inst/FSM_onehot_STATE_reg_n_0_[10]_BUFG" driven by instance "axi_ddr_design_i/ps_to_mig_interface_0/inst/FSM_onehot_STATE_reg_n_0_[10]_BUFG_inst" located at site "BUFGCTRL_X0Y3"
#startgroup
create_pblock {CLKAG_axi_ddr_design_i/ps_to_mig_interface_0/inst/FSM_onehot_STATE_reg_n_0_[10]_BUFG}
add_cells_to_pblock [get_pblocks  {CLKAG_axi_ddr_design_i/ps_to_mig_interface_0/inst/FSM_onehot_STATE_reg_n_0_[10]_BUFG}] [get_cells -filter { PRIMITIVE_GROUP != I/O && IS_PRIMITIVE==1 && PRIMITIVE_LEVEL !=INTERNAL } -of_object [get_pins -filter {DIRECTION==IN} -of_objects [get_nets -hierarchical -filter {PARENT=="axi_ddr_design_i/ps_to_mig_interface_0/inst/FSM_onehot_STATE_reg_n_0_[10]_BUFG"}]]]
resize_pblock [get_pblocks {CLKAG_axi_ddr_design_i/ps_to_mig_interface_0/inst/FSM_onehot_STATE_reg_n_0_[10]_BUFG}] -add {CLOCKREGION_X0Y4:CLOCKREGION_X0Y4 CLOCKREGION_X1Y3:CLOCKREGION_X1Y3 CLOCKREGION_X1Y4:CLOCKREGION_X1Y4}
#endgroup

# Clock net "axi_ddr_design_i/processing_system7_0/inst/FCLK_CLK0" driven by instance "axi_ddr_design_i/processing_system7_0/inst/buffer_fclk_clk_0.FCLK_CLK_0_BUFG" located at site "BUFGCTRL_X0Y17"
#startgroup
create_pblock {CLKAG_axi_ddr_design_i/processing_system7_0/inst/FCLK_CLK0}
add_cells_to_pblock [get_pblocks  {CLKAG_axi_ddr_design_i/processing_system7_0/inst/FCLK_CLK0}] [get_cells -filter { PRIMITIVE_GROUP != I/O && IS_PRIMITIVE==1 && PRIMITIVE_LEVEL !=INTERNAL } -of_object [get_pins -filter {DIRECTION==IN} -of_objects [get_nets -hierarchical -filter {PARENT=="axi_ddr_design_i/processing_system7_0/inst/FCLK_CLK0"}]]]
resize_pblock [get_pblocks {CLKAG_axi_ddr_design_i/processing_system7_0/inst/FCLK_CLK0}] -add {CLOCKREGION_X0Y4:CLOCKREGION_X0Y4 CLOCKREGION_X0Y5:CLOCKREGION_X0Y5 CLOCKREGION_X0Y6:CLOCKREGION_X0Y6 CLOCKREGION_X1Y4:CLOCKREGION_X1Y4 CLOCKREGION_X1Y5:CLOCKREGION_X1Y5}
#endgroup

# Clock net "axi_ddr_design_i/mig_7series_0/u_axi_ddr_design_mig_7series_0_1_mig/u_iodelay_ctrl/clk_ref_300_400_en.clk_ref_400.u_bufg_clk_ref_400_n_0" driven by instance "axi_ddr_design_i/mig_7series_0/u_axi_ddr_design_mig_7series_0_1_mig/u_iodelay_ctrl/clk_ref_300_400_en.clk_ref_400.u_bufg_clk_ref_400" located at site "BUFGCTRL_X0Y0"
#startgroup
create_pblock {CLKAG_axi_ddr_design_i/mig_7series_0/u_axi_ddr_design_mig_7series_0_1_mig/u_iodelay_ctrl/clk_ref_300_400_en.clk_ref_400.u_bufg_clk_ref_400_n_0}
add_cells_to_pblock [get_pblocks  {CLKAG_axi_ddr_design_i/mig_7series_0/u_axi_ddr_design_mig_7series_0_1_mig/u_iodelay_ctrl/clk_ref_300_400_en.clk_ref_400.u_bufg_clk_ref_400_n_0}] [get_cells -filter { PRIMITIVE_GROUP != I/O && IS_PRIMITIVE==1 && PRIMITIVE_LEVEL !=INTERNAL } -of_object [get_pins -filter {DIRECTION==IN} -of_objects [get_nets -hierarchical -filter {PARENT=="axi_ddr_design_i/mig_7series_0/u_axi_ddr_design_mig_7series_0_1_mig/u_iodelay_ctrl/clk_ref_300_400_en.clk_ref_400.u_bufg_clk_ref_400_n_0"}]]]
resize_pblock [get_pblocks {CLKAG_axi_ddr_design_i/mig_7series_0/u_axi_ddr_design_mig_7series_0_1_mig/u_iodelay_ctrl/clk_ref_300_400_en.clk_ref_400.u_bufg_clk_ref_400_n_0}] -add {CLOCKREGION_X1Y4:CLOCKREGION_X1Y4 CLOCKREGION_X1Y5:CLOCKREGION_X1Y5 CLOCKREGION_X1Y6:CLOCKREGION_X1Y6}
#endgroup

# Clock net "axi_ddr_design_i/mig_7series_0/u_axi_ddr_design_mig_7series_0_1_mig/u_iodelay_ctrl/CLK" driven by instance "axi_ddr_design_i/mig_7series_0/u_axi_ddr_design_mig_7series_0_1_mig/u_iodelay_ctrl/clk_ref_200.u_bufg_clk_ref" located at site "BUFGCTRL_X0Y19"
#startgroup
create_pblock {CLKAG_axi_ddr_design_i/mig_7series_0/u_axi_ddr_design_mig_7series_0_1_mig/u_iodelay_ctrl/CLK}
add_cells_to_pblock [get_pblocks  {CLKAG_axi_ddr_design_i/mig_7series_0/u_axi_ddr_design_mig_7series_0_1_mig/u_iodelay_ctrl/CLK}] [get_cells -filter { PRIMITIVE_GROUP != I/O && IS_PRIMITIVE==1 && PRIMITIVE_LEVEL !=INTERNAL } -of_object [get_pins -filter {DIRECTION==IN} -of_objects [get_nets -hierarchical -filter {PARENT=="axi_ddr_design_i/mig_7series_0/u_axi_ddr_design_mig_7series_0_1_mig/u_iodelay_ctrl/CLK"}]]]
resize_pblock [get_pblocks {CLKAG_axi_ddr_design_i/mig_7series_0/u_axi_ddr_design_mig_7series_0_1_mig/u_iodelay_ctrl/CLK}] -add {CLOCKREGION_X0Y3:CLOCKREGION_X0Y3 CLOCKREGION_X1Y6:CLOCKREGION_X1Y6}
#endgroup

# Clock net "axi_ddr_design_i/mig_7series_0/u_axi_ddr_design_mig_7series_0_1_mig/u_ddr3_infrastructure/mmcm_ps_clk" driven by instance "axi_ddr_design_i/mig_7series_0/u_axi_ddr_design_mig_7series_0_1_mig/u_ddr3_infrastructure/gen_mmcm.u_bufg_mmcm_ps_clk" located at site "BUFGCTRL_X0Y18"
#startgroup
create_pblock {CLKAG_axi_ddr_design_i/mig_7series_0/u_axi_ddr_design_mig_7series_0_1_mig/u_ddr3_infrastructure/mmcm_ps_clk}
add_cells_to_pblock [get_pblocks  {CLKAG_axi_ddr_design_i/mig_7series_0/u_axi_ddr_design_mig_7series_0_1_mig/u_ddr3_infrastructure/mmcm_ps_clk}] [get_cells -filter { PRIMITIVE_GROUP != I/O && IS_PRIMITIVE==1 && PRIMITIVE_LEVEL !=INTERNAL } -of_object [get_pins -filter {DIRECTION==IN} -of_objects [get_nets -hierarchical -filter {PARENT=="axi_ddr_design_i/mig_7series_0/u_axi_ddr_design_mig_7series_0_1_mig/u_ddr3_infrastructure/mmcm_ps_clk"}]]]
resize_pblock [get_pblocks {CLKAG_axi_ddr_design_i/mig_7series_0/u_axi_ddr_design_mig_7series_0_1_mig/u_ddr3_infrastructure/mmcm_ps_clk}] -add {CLOCKREGION_X1Y4:CLOCKREGION_X1Y4 CLOCKREGION_X1Y5:CLOCKREGION_X1Y5 CLOCKREGION_X1Y6:CLOCKREGION_X1Y6}
#endgroup

# Clock net "axi_ddr_design_i/mig_7series_0/u_axi_ddr_design_mig_7series_0_1_mig/u_ddr3_infrastructure/CLK" driven by instance "axi_ddr_design_i/mig_7series_0/u_axi_ddr_design_mig_7series_0_1_mig/u_ddr3_infrastructure/u_bufg_clkdiv0" located at site "BUFGCTRL_X0Y16"
#startgroup
create_pblock {CLKAG_axi_ddr_design_i/mig_7series_0/u_axi_ddr_design_mig_7series_0_1_mig/u_ddr3_infrastructure/CLK}
add_cells_to_pblock [get_pblocks  {CLKAG_axi_ddr_design_i/mig_7series_0/u_axi_ddr_design_mig_7series_0_1_mig/u_ddr3_infrastructure/CLK}] [get_cells -filter { PRIMITIVE_GROUP != I/O && IS_PRIMITIVE==1 && PRIMITIVE_LEVEL !=INTERNAL && NAME!=axi_ddr_design_i/mig_7series_0/u_axi_ddr_design_mig_7series_0_1_mig/u_ddr3_infrastructure/gen_mmcm.mmcm_i} -of_object [get_pins -filter {DIRECTION==IN} -of_objects [get_nets -hierarchical -filter {PARENT=="axi_ddr_design_i/mig_7series_0/u_axi_ddr_design_mig_7series_0_1_mig/u_ddr3_infrastructure/CLK"}]]]
resize_pblock [get_pblocks {CLKAG_axi_ddr_design_i/mig_7series_0/u_axi_ddr_design_mig_7series_0_1_mig/u_ddr3_infrastructure/CLK}] -add {CLOCKREGION_X1Y3:CLOCKREGION_X1Y3 CLOCKREGION_X1Y4:CLOCKREGION_X1Y4 CLOCKREGION_X1Y5:CLOCKREGION_X1Y5 CLOCKREGION_X1Y6:CLOCKREGION_X1Y6}
#endgroup
